[07-10-2025 19:28:42.294 INFO com.orangehrm.Level_13_Logging] - =============== INIT BROWSER & DRIVER ===============
[07-10-2025 19:28:42.303 INFO com.orangehrm.Level_13_Logging] - NewEmployee - STEP 01: Enter to Username and Password with info: automationfc | A@a123456!
[07-10-2025 19:28:42.436 INFO com.orangehrm.Level_13_Logging] - NewEmployee - STEP 02: Navigate to Dashboard page
[07-10-2025 19:28:48.704 INFO com.orangehrm.Level_13_Logging] - --------------- PASSED ---------------
[07-10-2025 19:28:50.709 INFO com.orangehrm.Level_13_Logging] - NewEmployee - STEP 03: Navigate to Employee List page
[07-10-2025 19:28:53.200 INFO com.orangehrm.Level_13_Logging] - --------------- PASSED ---------------
[07-10-2025 19:28:53.201 INFO com.orangehrm.Level_13_Logging] - NewEmployee - STEP 04: Navigate to Add Employee page
[07-10-2025 19:28:54.804 INFO com.orangehrm.Level_13_Logging] - --------------- PASSED ---------------
[07-10-2025 19:28:54.805 INFO com.orangehrm.Level_13_Logging] - NewEmployee - STEP 05: Enter to First/Middle and Lastname with info: Hello | Test | World!
[07-10-2025 19:28:54.893 INFO com.orangehrm.Level_13_Logging] - NewEmployee - STEP 06: Navigate to Personal Detail page
[07-10-2025 19:29:02.456 INFO com.orangehrm.Level_13_Logging] - --------------- PASSED ---------------
[07-10-2025 19:29:04.461 INFO com.orangehrm.Level_13_Logging] - NewEmployee - STEP 07: Verify FirstName displayed: Hello
[07-10-2025 19:29:04.504 INFO com.orangehrm.Level_13_Logging] - --------------- FAILED ---------------
[07-10-2025 19:29:04.504 INFO com.orangehrm.Level_13_Logging] - NewEmployee - STEP 08: Verify MiddleName displayed: Test
[07-10-2025 19:29:04.519 INFO com.orangehrm.Level_13_Logging] - --------------- FAILED ---------------
[07-10-2025 19:29:04.519 INFO com.orangehrm.Level_13_Logging] - NewEmployee - STEP 09: Verify LastName displayed: World!
[07-10-2025 19:29:04.530 INFO com.orangehrm.Level_13_Logging] - --------------- PASSED ---------------
[07-10-2025 19:29:04.531 INFO com.orangehrm.Level_13_Logging] - NewEmployee - STEP 10: Verify EmployeeID displayed: 0053
[07-10-2025 19:29:04.540 INFO com.orangehrm.Level_13_Logging] - --------------- PASSED ---------------
[07-10-2025 19:29:05.093 INFO com.orangehrm.Level_13_Logging] - =============== CLOSE BROWSER & DRIVER ===============
[13-10-2025 03:14:50.404 INFO com.orangehrm.Level_13_Logging] - =============== INIT BROWSER & DRIVER ===============
[13-10-2025 03:14:50.413 INFO com.orangehrm.Level_13_Logging] - NewEmployee - STEP 01: Enter to Username and Password with info: automationfc | A@a123456!
[13-10-2025 03:14:50.837 INFO com.orangehrm.Level_13_Logging] - NewEmployee - STEP 02: Navigate to Dashboard page
[13-10-2025 03:14:57.229 INFO com.orangehrm.Level_13_Logging] - --------------- PASSED ---------------
[13-10-2025 03:14:59.234 INFO com.orangehrm.Level_13_Logging] - NewEmployee - STEP 03: Navigate to Employee List page
[13-10-2025 03:15:00.959 INFO com.orangehrm.Level_13_Logging] - --------------- PASSED ---------------
[13-10-2025 03:15:00.961 INFO com.orangehrm.Level_13_Logging] - NewEmployee - STEP 04: Navigate to Add Employee page
[13-10-2025 03:15:02.371 INFO com.orangehrm.Level_13_Logging] - --------------- PASSED ---------------
[13-10-2025 03:15:02.371 INFO com.orangehrm.Level_13_Logging] - NewEmployee - STEP 05: Enter to First/Middle and Lastname with info: Hello | Test | World!
[13-10-2025 03:15:02.470 INFO com.orangehrm.Level_13_Logging] - NewEmployee - STEP 06: Navigate to Personal Detail page
[13-10-2025 03:15:09.489 INFO com.orangehrm.Level_13_Logging] - --------------- PASSED ---------------
[13-10-2025 03:15:11.494 INFO com.orangehrm.Level_13_Logging] - NewEmployee - STEP 07: Verify FirstName displayed: Hello
[13-10-2025 03:15:11.532 INFO com.orangehrm.Level_13_Logging] - --------------- FAILED ---------------
[13-10-2025 03:15:11.532 INFO com.orangehrm.Level_13_Logging] - NewEmployee - STEP 08: Verify MiddleName displayed: Test
[13-10-2025 03:15:11.547 INFO com.orangehrm.Level_13_Logging] - --------------- FAILED ---------------
[13-10-2025 03:15:11.547 INFO com.orangehrm.Level_13_Logging] - NewEmployee - STEP 09: Verify LastName displayed: World!
[13-10-2025 03:15:11.560 INFO com.orangehrm.Level_13_Logging] - --------------- PASSED ---------------
[13-10-2025 03:15:11.560 INFO com.orangehrm.Level_13_Logging] - NewEmployee - STEP 10: Verify EmployeeID displayed: 0054
[13-10-2025 03:15:11.571 INFO com.orangehrm.Level_13_Logging] - --------------- PASSED ---------------
[13-10-2025 03:15:12.139 INFO com.orangehrm.Level_13_Logging] - =============== CLOSE BROWSER & DRIVER ===============
[13-10-2025 03:16:44.835 INFO com.orangehrm.Level_13_Logging] - =============== INIT BROWSER & DRIVER ===============
[13-10-2025 03:16:44.843 INFO com.orangehrm.Level_13_Logging] - NewEmployee - STEP 01: Enter to Username and Password with info: automationfc | A@a123456!
[13-10-2025 03:16:44.965 INFO com.orangehrm.Level_13_Logging] - NewEmployee - STEP 02: Navigate to Dashboard page
[13-10-2025 03:16:47.951 INFO com.orangehrm.Level_13_Logging] - --------------- PASSED ---------------
[13-10-2025 03:16:49.954 INFO com.orangehrm.Level_13_Logging] - NewEmployee - STEP 03: Navigate to Employee List page
[13-10-2025 03:16:51.590 INFO com.orangehrm.Level_13_Logging] - --------------- PASSED ---------------
[13-10-2025 03:16:51.591 INFO com.orangehrm.Level_13_Logging] - NewEmployee - STEP 04: Navigate to Add Employee page
[13-10-2025 03:16:52.931 INFO com.orangehrm.Level_13_Logging] - --------------- PASSED ---------------
[13-10-2025 03:16:52.932 INFO com.orangehrm.Level_13_Logging] - NewEmployee - STEP 05: Enter to First/Middle and Lastname with info: Hello | Test | World!
[13-10-2025 03:16:53.035 INFO com.orangehrm.Level_13_Logging] - NewEmployee - STEP 06: Navigate to Personal Detail page
[13-10-2025 03:16:59.074 INFO com.orangehrm.Level_13_Logging] - --------------- PASSED ---------------
[13-10-2025 03:17:01.077 INFO com.orangehrm.Level_13_Logging] - NewEmployee - STEP 07: Verify FirstName displayed: Hello
[13-10-2025 03:17:01.115 INFO com.orangehrm.Level_13_Logging] - --------------- FAILED ---------------
[13-10-2025 03:17:01.116 INFO com.orangehrm.Level_13_Logging] - NewEmployee - STEP 08: Verify MiddleName displayed: Test
[13-10-2025 03:17:01.140 INFO com.orangehrm.Level_13_Logging] - --------------- FAILED ---------------
[13-10-2025 03:17:01.141 INFO com.orangehrm.Level_13_Logging] - NewEmployee - STEP 09: Verify LastName displayed: World!
[13-10-2025 03:17:01.155 INFO com.orangehrm.Level_13_Logging] - --------------- PASSED ---------------
[13-10-2025 03:17:01.155 INFO com.orangehrm.Level_13_Logging] - NewEmployee - STEP 10: Verify EmployeeID displayed: 0055
[13-10-2025 03:17:01.168 INFO com.orangehrm.Level_13_Logging] - --------------- PASSED ---------------
[13-10-2025 03:17:01.642 INFO com.orangehrm.Level_13_Logging] - =============== CLOSE BROWSER & DRIVER ===============
[13-10-2025 03:29:06.950 INFO com.orangehrm.Level_13_Logging] - =============== INIT BROWSER & DRIVER ===============
[13-10-2025 03:29:06.970 INFO com.orangehrm.Level_13_Logging] - NewEmployee - STEP 01: Enter to Username and Password with info: automationfc | A@a123456!
[13-10-2025 03:29:07.058 INFO com.orangehrm.Level_13_Logging] - NewEmployee - STEP 02: Navigate to Dashboard page
[13-10-2025 03:29:10.793 INFO com.orangehrm.Level_13_Logging] - --------------- PASSED ---------------
[13-10-2025 03:29:12.795 INFO com.orangehrm.Level_13_Logging] - NewEmployee - STEP 03: Navigate to Employee List page
[13-10-2025 03:29:14.568 INFO com.orangehrm.Level_13_Logging] - --------------- PASSED ---------------
[13-10-2025 03:29:14.568 INFO com.orangehrm.Level_13_Logging] - NewEmployee - STEP 04: Navigate to Add Employee page
[13-10-2025 03:29:16.124 INFO com.orangehrm.Level_13_Logging] - --------------- PASSED ---------------
[13-10-2025 03:29:16.125 INFO com.orangehrm.Level_13_Logging] - NewEmployee - STEP 05: Enter to First/Middle and Lastname with info: Hello | Test | World!
[13-10-2025 03:29:16.212 INFO com.orangehrm.Level_13_Logging] - NewEmployee - STEP 06: Navigate to Personal Detail page
[13-10-2025 03:29:23.559 INFO com.orangehrm.Level_13_Logging] - --------------- PASSED ---------------
[13-10-2025 03:29:25.568 INFO com.orangehrm.Level_13_Logging] - NewEmployee - STEP 07: Verify FirstName displayed: Hello
[13-10-2025 03:29:25.633 INFO com.orangehrm.Level_13_Logging] - --------------- FAILED ---------------
[13-10-2025 03:29:25.633 INFO com.orangehrm.Level_13_Logging] - NewEmployee - STEP 08: Verify MiddleName displayed: Test
[13-10-2025 03:29:25.648 INFO com.orangehrm.Level_13_Logging] - --------------- FAILED ---------------
[13-10-2025 03:29:25.648 INFO com.orangehrm.Level_13_Logging] - NewEmployee - STEP 09: Verify LastName displayed: World!
[13-10-2025 03:29:25.659 INFO com.orangehrm.Level_13_Logging] - --------------- PASSED ---------------
[13-10-2025 03:29:25.660 INFO com.orangehrm.Level_13_Logging] - NewEmployee - STEP 10: Verify EmployeeID displayed: 0056
[13-10-2025 03:29:25.670 INFO com.orangehrm.Level_13_Logging] - --------------- PASSED ---------------
[13-10-2025 03:29:26.322 INFO com.orangehrm.Level_13_Logging] - =============== CLOSE BROWSER & DRIVER ===============
