[13-10-2025 03:16:44.835 INFO com.orangehrm.Level_13_Logging] - =============== INIT BROWSER & DRIVER ===============
[13-10-2025 03:16:44.843 INFO com.orangehrm.Level_13_Logging] - NewEmployee - STEP 01: Enter to Username and Password with info: automationfc | A@a123456!
[13-10-2025 03:16:44.965 INFO com.orangehrm.Level_13_Logging] - NewEmployee - STEP 02: Navigate to Dashboard page
[13-10-2025 03:16:47.951 INFO com.orangehrm.Level_13_Logging] - --------------- PASSED ---------------
[13-10-2025 03:16:49.954 INFO com.orangehrm.Level_13_Logging] - NewEmployee - STEP 03: Navigate to Employee List page
[13-10-2025 03:16:51.590 INFO com.orangehrm.Level_13_Logging] - --------------- PASSED ---------------
[13-10-2025 03:16:51.591 INFO com.orangehrm.Level_13_Logging] - NewEmployee - STEP 04: Navigate to Add Employee page
[13-10-2025 03:16:52.931 INFO com.orangehrm.Level_13_Logging] - --------------- PASSED ---------------
[13-10-2025 03:16:52.932 INFO com.orangehrm.Level_13_Logging] - NewEmployee - STEP 05: Enter to First/Middle and Lastname with info: Hello | Test | World!
[13-10-2025 03:16:53.035 INFO com.orangehrm.Level_13_Logging] - NewEmployee - STEP 06: Navigate to Personal Detail page
[13-10-2025 03:16:59.074 INFO com.orangehrm.Level_13_Logging] - --------------- PASSED ---------------
[13-10-2025 03:17:01.077 INFO com.orangehrm.Level_13_Logging] - NewEmployee - STEP 07: Verify FirstName displayed: Hello
[13-10-2025 03:17:01.115 INFO com.orangehrm.Level_13_Logging] - --------------- FAILED ---------------
[13-10-2025 03:17:01.116 INFO com.orangehrm.Level_13_Logging] - NewEmployee - STEP 08: Verify MiddleName displayed: Test
[13-10-2025 03:17:01.140 INFO com.orangehrm.Level_13_Logging] - --------------- FAILED ---------------
[13-10-2025 03:17:01.141 INFO com.orangehrm.Level_13_Logging] - NewEmployee - STEP 09: Verify LastName displayed: World!
[13-10-2025 03:17:01.155 INFO com.orangehrm.Level_13_Logging] - --------------- PASSED ---------------
[13-10-2025 03:17:01.155 INFO com.orangehrm.Level_13_Logging] - NewEmployee - STEP 10: Verify EmployeeID displayed: 0055
[13-10-2025 03:17:01.168 INFO com.orangehrm.Level_13_Logging] - --------------- PASSED ---------------
[13-10-2025 03:17:01.642 INFO com.orangehrm.Level_13_Logging] - =============== CLOSE BROWSER & DRIVER ===============
